<?xml version="1.0" encoding="UTF-8"?>
<testng-results skipped="0" failed="1" total="4" passed="3">
  <reporter-output>
  </reporter-output>
  <suite name="Suite" duration-ms="63025" started-at="2019-01-06T07:58:31Z" finished-at="2019-01-06T07:59:34Z">
    <groups>
    </groups>
    <test name="Test" duration-ms="63025" started-at="2019-01-06T07:58:31Z" finished-at="2019-01-06T07:59:34Z">
      <class name="Academy.Project.ValidateNavigationBarTest">
        <test-method status="PASS" signature="initialize()[pri:0, instance:Academy.Project.ValidateNavigationBarTest@56620197]" name="initialize" is-config="true" duration-ms="10159" started-at="2019-01-06T13:29:24Z" finished-at="2019-01-06T13:29:34Z">
          <reporter-output>
          </reporter-output>
        </test-method> <!-- initialize -->
        <test-method status="PASS" signature="validateAppNavigationBar()[pri:0, instance:Academy.Project.ValidateNavigationBarTest@56620197]" name="validateAppNavigationBar" duration-ms="108" started-at="2019-01-06T13:29:34Z" finished-at="2019-01-06T13:29:34Z">
          <reporter-output>
          </reporter-output>
        </test-method> <!-- validateAppNavigationBar -->
        <test-method status="PASS" signature="tearDown()[pri:0, instance:Academy.Project.ValidateNavigationBarTest@56620197]" name="tearDown" is-config="true" duration-ms="217" started-at="2019-01-06T13:29:34Z" finished-at="2019-01-06T13:29:34Z">
          <reporter-output>
          </reporter-output>
        </test-method> <!-- tearDown -->
      </class> <!-- Academy.Project.ValidateNavigationBarTest -->
      <class name="Academy.Project.HomePageTest">
        <test-method status="PASS" signature="initialize()[pri:0, instance:Academy.Project.HomePageTest@61df66b6]" name="initialize" is-config="true" duration-ms="10951" started-at="2019-01-06T13:28:31Z" finished-at="2019-01-06T13:28:42Z">
          <reporter-output>
          </reporter-output>
        </test-method> <!-- initialize -->
        <test-method status="PASS" signature="basePageNavigation(java.lang.String, java.lang.String, java.lang.String)[pri:0, instance:Academy.Project.HomePageTest@61df66b6]" name="basePageNavigation" duration-ms="10695" started-at="2019-01-06T13:28:42Z" data-provider="getData" finished-at="2019-01-06T13:28:53Z">
          <params>
            <param index="0">
              <value>
                <![CDATA[non-restricted-user@qw.com]]>
              </value>
            </param>
            <param index="1">
              <value>
                <![CDATA[1234]]>
              </value>
            </param>
            <param index="2">
              <value>
                <![CDATA[Non Restricted User]]>
              </value>
            </param>
          </params>
          <reporter-output>
          </reporter-output>
        </test-method> <!-- basePageNavigation -->
        <test-method status="PASS" signature="tearDown()[pri:0, instance:Academy.Project.HomePageTest@61df66b6]" name="tearDown" is-config="true" duration-ms="168" started-at="2019-01-06T13:28:53Z" finished-at="2019-01-06T13:28:53Z">
          <reporter-output>
          </reporter-output>
        </test-method> <!-- tearDown -->
        <test-method status="PASS" signature="initialize()[pri:0, instance:Academy.Project.HomePageTest@61df66b6]" name="initialize" is-config="true" duration-ms="10876" started-at="2019-01-06T13:28:53Z" finished-at="2019-01-06T13:29:04Z">
          <reporter-output>
          </reporter-output>
        </test-method> <!-- initialize -->
        <test-method status="PASS" signature="basePageNavigation(java.lang.String, java.lang.String, java.lang.String)[pri:0, instance:Academy.Project.HomePageTest@61df66b6]" name="basePageNavigation" duration-ms="6147" started-at="2019-01-06T13:29:04Z" data-provider="getData" finished-at="2019-01-06T13:29:10Z">
          <params>
            <param index="0">
              <value>
                <![CDATA[restricted-user@qw.com]]>
              </value>
            </param>
            <param index="1">
              <value>
                <![CDATA[5678]]>
              </value>
            </param>
            <param index="2">
              <value>
                <![CDATA[Restricted User]]>
              </value>
            </param>
          </params>
          <reporter-output>
          </reporter-output>
        </test-method> <!-- basePageNavigation -->
        <test-method status="PASS" signature="tearDown()[pri:0, instance:Academy.Project.HomePageTest@61df66b6]" name="tearDown" is-config="true" duration-ms="157" started-at="2019-01-06T13:29:10Z" finished-at="2019-01-06T13:29:10Z">
          <reporter-output>
          </reporter-output>
        </test-method> <!-- tearDown -->
      </class> <!-- Academy.Project.HomePageTest -->
      <class name="Academy.Project.ValidateTitle">
        <test-method status="PASS" signature="initialize()[pri:0, instance:Academy.Project.ValidateTitle@6eda5c9]" name="initialize" is-config="true" duration-ms="10373" started-at="2019-01-06T13:29:10Z" finished-at="2019-01-06T13:29:21Z">
          <reporter-output>
          </reporter-output>
        </test-method> <!-- initialize -->
        <test-method status="FAIL" signature="validateAppTitle()[pri:0, instance:Academy.Project.ValidateTitle@6eda5c9]" name="validateAppTitle" duration-ms="88" started-at="2019-01-06T13:29:21Z" finished-at="2019-01-06T13:29:21Z">
          <exception class="java.lang.AssertionError">
            <message>
              <![CDATA[expected [FEAxTURED COURSES] but found [FEATURED COURSES]]]>
            </message>
            <full-stacktrace>
              <![CDATA[java.lang.AssertionError: expected [FEAxTURED COURSES] but found [FEATURED COURSES]
	at org.testng.Assert.fail(Assert.java:94)
	at org.testng.Assert.failNotEquals(Assert.java:494)
	at org.testng.Assert.assertEquals(Assert.java:123)
	at org.testng.Assert.assertEquals(Assert.java:176)
	at org.testng.Assert.assertEquals(Assert.java:186)
	at Academy.Project.ValidateTitle.validateAppTitle(ValidateTitle.java:37)
	at sun.reflect.NativeMethodAccessorImpl.invoke0(Native Method)
	at sun.reflect.NativeMethodAccessorImpl.invoke(NativeMethodAccessorImpl.java:62)
	at sun.reflect.DelegatingMethodAccessorImpl.invoke(DelegatingMethodAccessorImpl.java:43)
	at java.lang.reflect.Method.invoke(Method.java:498)
	at org.testng.internal.MethodInvocationHelper.invokeMethod(MethodInvocationHelper.java:80)
	at org.testng.internal.Invoker.invokeMethod(Invoker.java:714)
	at org.testng.internal.Invoker.invokeTestMethod(Invoker.java:901)
	at org.testng.internal.Invoker.invokeTestMethods(Invoker.java:1231)
	at org.testng.internal.TestMethodWorker.invokeTestMethods(TestMethodWorker.java:127)
	at org.testng.internal.TestMethodWorker.run(TestMethodWorker.java:111)
	at org.testng.TestRunner.privateRun(TestRunner.java:767)
	at org.testng.TestRunner.run(TestRunner.java:617)
	at org.testng.SuiteRunner.runTest(SuiteRunner.java:334)
	at org.testng.SuiteRunner.runSequentially(SuiteRunner.java:329)
	at org.testng.SuiteRunner.privateRun(SuiteRunner.java:291)
	at org.testng.SuiteRunner.run(SuiteRunner.java:240)
	at org.testng.SuiteRunnerWorker.runSuite(SuiteRunnerWorker.java:52)
	at org.testng.SuiteRunnerWorker.run(SuiteRunnerWorker.java:86)
	at org.testng.TestNG.runSuitesSequentially(TestNG.java:1198)
	at org.testng.TestNG.runSuitesLocally(TestNG.java:1123)
	at org.testng.TestNG.run(TestNG.java:1031)
	at org.apache.maven.surefire.testng.TestNGExecutor.run(TestNGExecutor.java:283)
	at org.apache.maven.surefire.testng.TestNGXmlTestSuite.execute(TestNGXmlTestSuite.java:75)
	at org.apache.maven.surefire.testng.TestNGProvider.invoke(TestNGProvider.java:120)
	at org.apache.maven.surefire.booter.ForkedBooter.invokeProviderInSameClassLoader(ForkedBooter.java:384)
	at org.apache.maven.surefire.booter.ForkedBooter.runSuitesInProcess(ForkedBooter.java:345)
	at org.apache.maven.surefire.booter.ForkedBooter.execute(ForkedBooter.java:126)
	at org.apache.maven.surefire.booter.ForkedBooter.main(ForkedBooter.java:418)
]]>
            </full-stacktrace>
          </exception> <!-- java.lang.AssertionError -->
          <reporter-output>
          </reporter-output>
        </test-method> <!-- validateAppTitle -->
        <test-method status="PASS" signature="tearDown()[pri:0, instance:Academy.Project.ValidateTitle@6eda5c9]" name="tearDown" is-config="true" duration-ms="2111" started-at="2019-01-06T13:29:22Z" finished-at="2019-01-06T13:29:24Z">
          <reporter-output>
          </reporter-output>
        </test-method> <!-- tearDown -->
      </class> <!-- Academy.Project.ValidateTitle -->
    </test> <!-- Test -->
  </suite> <!-- Suite -->
</testng-results>
